<?xml version="1.0" encoding="UTF-8"?>
<testsuite xmlns:xsi="http://www.w3.org/2001/XMLSchema-instance" xsi:noNamespaceSchemaLocation="https://maven.apache.org/surefire/maven-surefire-plugin/xsd/surefire-test-report.xsd" version="3.0.2" name="com.sanosysalvos.ms_publicacion.controller.PublicacionControllerIntegrationTest" time="0.488" tests="2" errors="0" skipped="0" failures="0" flakes="0">
  <properties>
[...]
</properties>
  <testcase name="shouldReturnBadRequestWhenPayloadIsInvalid" classname="com.sanosysalvos.ms_publicacion.controller.PublicacionControllerIntegrationTest" time="0.232">
    <system-out><![CDATA[2026-03-25T00:38:41.057-03:00  INFO 62680 --- [ms-publicacion] [           main] t.c.s.AnnotationConfigContextLoaderUtils : Could not detect default configuration classes for test class [com.sanosysalvos.ms_publicacion.controller.PublicacionControllerIntegrationTest]: PublicacionControllerIntegrationTest does not declare any static, non-private, non-final, nested classes annotated with @Configuration.
2026-03-25T00:38:41.058-03:00 DEBUG 62680 --- [ms-publicacion] [           main] .b.t.c.SpringBootTestContextBootstrapper : Using ContextCustomizerFactory implementations for test class [PublicacionControllerIntegrationTest]: [SpringBootTestRandomPortContextCustomizerFactory, ImportsContextCustomizerFactory, PropertyMappingContextCustomizerFactory, ExcludeFilterContextCustomizerFactory, TypeExcludeFiltersContextCustomizerFactory, DisableReactorResourceFactoryGlobalResourcesContextCustomizerFactory, DuplicateJsonObjectContextCustomizerFactory, OnFailureConditionReportContextCustomizerFactory, OverrideAutoConfigurationContextCustomizerFactory, BeanOverrideContextCustomizerFactory, MockServerContainerContextCustomizerFactory, DynamicPropertiesContextCustomizerFactory]
2026-03-25T00:38:41.059-03:00 DEBUG 62680 --- [ms-publicacion] [           main] .b.t.c.SpringBootTestContextBootstrapper : Using ContextCustomizers for test class [PublicacionControllerIntegrationTest]: [SpringBootTestRandomPortContextCustomizer, PropertyMappingContextCustomizer, ExcludeFilterContextCustomizer, DuplicateJsonObjectContextCustomizer, OnFailureConditionReportContextCustomizer, DynamicPropertiesContextCustomizer]
2026-03-25T00:38:41.063-03:00  INFO 62680 --- [ms-publicacion] [           main] .b.t.c.SpringBootTestContextBootstrapper : Found @SpringBootConfiguration com.sanosysalvos.ms_publicacion.MsPublicacionApplication for test class com.sanosysalvos.ms_publicacion.controller.PublicacionControllerIntegrationTest
2026-03-25T00:38:41.064-03:00  INFO 62680 --- [ms-publicacion] [           main] t.c.s.AnnotationConfigContextLoaderUtils : Could not detect default configuration classes for test class [com.sanosysalvos.ms_publicacion.controller.PublicacionControllerIntegrationTest]: PublicacionControllerIntegrationTest does not declare any static, non-private, non-final, nested classes annotated with @Configuration.
2026-03-25T00:38:41.065-03:00 DEBUG 62680 --- [ms-publicacion] [           main] .b.t.c.SpringBootTestContextBootstrapper : Using ContextCustomizerFactory implementations for test class [PublicacionControllerIntegrationTest]: [SpringBootTestRandomPortContextCustomizerFactory, ImportsContextCustomizerFactory, PropertyMappingContextCustomizerFactory, ExcludeFilterContextCustomizerFactory, TypeExcludeFiltersContextCustomizerFactory, DisableReactorResourceFactoryGlobalResourcesContextCustomizerFactory, DuplicateJsonObjectContextCustomizerFactory, OnFailureConditionReportContextCustomizerFactory, OverrideAutoConfigurationContextCustomizerFactory, BeanOverrideContextCustomizerFactory, MockServerContainerContextCustomizerFactory, DynamicPropertiesContextCustomizerFactory]
2026-03-25T00:38:41.065-03:00 DEBUG 62680 --- [ms-publicacion] [           main] .b.t.c.SpringBootTestContextBootstrapper : Using ContextCustomizers for test class [PublicacionControllerIntegrationTest]: [SpringBootTestRandomPortContextCustomizer, PropertyMappingContextCustomizer, ExcludeFilterContextCustomizer, DuplicateJsonObjectContextCustomizer, OnFailureConditionReportContextCustomizer, DynamicPropertiesContextCustomizer]
2026-03-25T00:38:41.065-03:00  INFO 62680 --- [ms-publicacion] [           main] .b.t.c.SpringBootTestContextBootstrapper : Found @SpringBootConfiguration com.sanosysalvos.ms_publicacion.MsPublicacionApplication for test class com.sanosysalvos.ms_publicacion.controller.PublicacionControllerIntegrationTest
2026-03-25T00:38:41.066-03:00 DEBUG 62680 --- [ms-publicacion] [           main] .b.t.c.SpringBootTestContextBootstrapper : Neither @ContextConfiguration nor @ContextHierarchy found for test class [PublicacionControllerIntegrationTest]: using SpringBootContextLoader
2026-03-25T00:38:41.066-03:00 DEBUG 62680 --- [ms-publicacion] [           main] .b.t.c.SpringBootTestContextBootstrapper : Using TestExecutionListeners for test class [PublicacionControllerIntegrationTest]: [ServletTestExecutionListener, DirtiesContextBeforeModesTestExecutionListener, ApplicationEventsTestExecutionListener, BeanOverrideTestExecutionListener, DependencyInjectionTestExecutionListener, DirtiesContextTestExecutionListener, CommonCachesTestExecutionListener, TransactionalTestExecutionListener, SqlScriptsTestExecutionListener, EventPublishingTestExecutionListener, MockitoResetTestExecutionListener]
2026-03-25T00:38:41.073-03:00  INFO 62680 --- [ms-publicacion] [           main] o.s.b.t.m.w.SpringBootMockServletContext : Initializing Spring TestDispatcherServlet ''
2026-03-25T00:38:41.073-03:00  INFO 62680 --- [ms-publicacion] [           main] o.s.t.web.servlet.TestDispatcherServlet  : Initializing Servlet ''
2026-03-25T00:38:41.074-03:00  INFO 62680 --- [ms-publicacion] [           main] o.s.t.web.servlet.TestDispatcherServlet  : Completed initialization in 1 ms
2026-03-25T00:38:41.095-03:00 DEBUG 62680 --- [ms-publicacion] [           main] s.w.s.m.m.a.RequestMappingHandlerMapping : Mapped to com.sanosysalvos.ms_publicacion.controller.PublicacionController#create(PublicacionRequest)
2026-03-25T00:38:41.158-03:00 DEBUG 62680 --- [ms-publicacion] [           main] m.m.a.RequestResponseBodyMethodProcessor : Read "application/json" to [PublicacionRequest[tipoPublicacion=INVALIDA, titulo=, descripcion=desc, fechaPublicacion=null, fecha (truncated)...]
2026-03-25T00:38:41.296-03:00  WARN 62680 --- [ms-publicacion] [           main] .w.s.m.s.DefaultHandlerExceptionResolver : Resolved [org.springframework.web.bind.MethodArgumentNotValidException: Validation failed for argument [0] in public com.sanosysalvos.ms_publicacion.dto.PublicacionResponse com.sanosysalvos.ms_publicacion.controller.PublicacionController.create(com.sanosysalvos.ms_publicacion.dto.PublicacionRequest) with 10 errors: [Field error in object 'publicacionRequest' on field 'fechaPublicacion': rejected value [null]; codes [NotNull.publicacionRequest.fechaPublicacion,NotNull.fechaPublicacion,NotNull.java.time.LocalDateTime,NotNull]; arguments [org.springframework.context.support.DefaultMessageSourceResolvable: codes [publicacionRequest.fechaPublicacion,fechaPublicacion]; arguments []; default message [fechaPublicacion]]; default message [must not be null]] [Field error in object 'publicacionRequest' on field 'mascotaId': rejected value [null]; codes [NotNull.publicacionRequest.mascotaId,NotNull.mascotaId,NotNull.java.util.UUID,NotNull]; arguments [org.springframework.context.support.DefaultMessageSourceResolvable: codes [publicacionRequest.mascotaId,mascotaId]; arguments []; default message [mascotaId]]; default message [must not be null]] [Field error in object 'publicacionRequest' on field 'latitud': rejected value [null]; codes [NotNull.publicacionRequest.latitud,NotNull.latitud,NotNull.java.lang.Double,NotNull]; arguments [org.springframework.context.support.DefaultMessageSourceResolvable: codes [publicacionRequest.latitud,latitud]; arguments []; default message [latitud]]; default message [must not be null]] [Field error in object 'publicacionRequest' on field 'estado': rejected value [null]; codes [NotBlank.publicacionRequest.estado,NotBlank.estado,NotBlank.java.lang.String,NotBlank]; arguments [org.springframework.context.support.DefaultMessageSourceResolvable: codes [publicacionRequest.estado,estado]; arguments []; default message [estado]]; default message [must not be blank]] [Field error in object 'publicacionRequest' on field 'titulo': rejected value []; codes [NotBlank.publicacionRequest.titulo,NotBlank.titulo,NotBlank.java.lang.String,NotBlank]; arguments [org.springframework.context.support.DefaultMessageSourceResolvable: codes [publicacionRequest.titulo,titulo]; arguments []; default message [titulo]]; default message [must not be blank]] [Field error in object 'publicacionRequest' on field 'longitud': rejected value [null]; codes [NotNull.publicacionRequest.longitud,NotNull.longitud,NotNull.java.lang.Double,NotNull]; arguments [org.springframework.context.support.DefaultMessageSourceResolvable: codes [publicacionRequest.longitud,longitud]; arguments []; default message [longitud]]; default message [must not be null]] [Field error in object 'publicacionRequest' on field 'telefonoContacto': rejected value [null]; codes [NotBlank.publicacionRequest.telefonoContacto,NotBlank.telefonoContacto,NotBlank.java.lang.String,NotBlank]; arguments [org.springframework.context.support.DefaultMessageSourceResolvable: codes [publicacionRequest.telefonoContacto,telefonoContacto]; arguments []; default message [telefonoContacto]]; default message [must not be blank]] [Field error in object 'publicacionRequest' on field 'fechaExtravioOEncuentro': rejected value [null]; codes [NotNull.publicacionRequest.fechaExtravioOEncuentro,NotNull.fechaExtravioOEncuentro,NotNull.java.time.LocalDate,NotNull]; arguments [org.springframework.context.support.DefaultMessageSourceResolvable: codes [publicacionRequest.fechaExtravioOEncuentro,fechaExtravioOEncuentro]; arguments []; default message [fechaExtravioOEncuentro]]; default message [must not be null]] [Field error in object 'publicacionRequest' on field 'nombreContacto': rejected value [null]; codes [NotBlank.publicacionRequest.nombreContacto,NotBlank.nombreContacto,NotBlank.java.lang.String,NotBlank]; arguments [org.springframework.context.support.DefaultMessageSourceResolvable: codes [publicacionRequest.nombreContacto,nombreContacto]; arguments []; default message [nombreContacto]]; default message [must not be blank]] [Field error in object 'publicacionRequest' on field 'usuarioId': rejected value [null]; codes [NotNull.publicacionRequest.usuarioId,NotNull.usuarioId,NotNull.java.util.UUID,NotNull]; arguments [org.springframework.context.support.DefaultMessageSourceResolvable: codes [publicacionRequest.usuarioId,usuarioId]; arguments []; default message [usuarioId]]; default message [must not be null]] ]
]]></system-out>
  </testcase>
  <testcase name="shouldExecuteCrudFlow" classname="com.sanosysalvos.ms_publicacion.controller.PublicacionControllerIntegrationTest" time="0.243">
    <system-out><![CDATA[2026-03-25T00:38:41.302-03:00  INFO 62680 --- [ms-publicacion] [           main] o.s.b.t.m.w.SpringBootMockServletContext : Initializing Spring TestDispatcherServlet ''
2026-03-25T00:38:41.302-03:00  INFO 62680 --- [ms-publicacion] [           main] o.s.t.web.servlet.TestDispatcherServlet  : Initializing Servlet ''
2026-03-25T00:38:41.303-03:00  INFO 62680 --- [ms-publicacion] [           main] o.s.t.web.servlet.TestDispatcherServlet  : Completed initialization in 1 ms
2026-03-25T00:38:41.326-03:00 DEBUG 62680 --- [ms-publicacion] [           main] s.w.s.m.m.a.RequestMappingHandlerMapping : Mapped to com.sanosysalvos.ms_publicacion.controller.PublicacionController#create(PublicacionRequest)
2026-03-25T00:38:41.330-03:00 DEBUG 62680 --- [ms-publicacion] [           main] m.m.a.RequestResponseBodyMethodProcessor : Read "application/json" to [PublicacionRequest[tipoPublicacion=PERDIDA, titulo=Se busca perro mestizo, descripcion=Perro mediano (truncated)...]
2026-03-25T00:38:41.366-03:00 DEBUG 62680 --- [ms-publicacion] [           main] org.hibernate.SQL                        : 
    insert 
    into
        publicaciones
        (descripcion, direccion_referencia, email_contacto, estado, fecha_extraviooencuentro, fecha_publicacion, latitud, longitud, mascota_id, nombre_contacto, telefono_contacto, tipo_publicacion, titulo, url_foto, usuario_id, id_publicacion) 
    values
        (?, ?, ?, ?, ?, ?, ?, ?, ?, ?, ?, ?, ?, ?, ?, ?)
Hibernate: 
    insert 
    into
        publicaciones
        (descripcion, direccion_referencia, email_contacto, estado, fecha_extraviooencuentro, fecha_publicacion, latitud, longitud, mascota_id, nombre_contacto, telefono_contacto, tipo_publicacion, titulo, url_foto, usuario_id, id_publicacion) 
    values
        (?, ?, ?, ?, ?, ?, ?, ?, ?, ?, ?, ?, ?, ?, ?, ?)
2026-03-25T00:38:41.385-03:00 DEBUG 62680 --- [ms-publicacion] [           main] m.m.a.RequestResponseBodyMethodProcessor : Using 'application/json', given [*/*] and supported [application/json, application/*+json, application/yaml]
2026-03-25T00:38:41.388-03:00 DEBUG 62680 --- [ms-publicacion] [           main] m.m.a.RequestResponseBodyMethodProcessor : Writing [PublicacionResponse[idPublicacion=9064d49c-d790-4bea-8932-aaec1ff559c6, tipoPublicacion=PERDIDA, tit (truncated)...]
2026-03-25T00:38:41.420-03:00 DEBUG 62680 --- [ms-publicacion] [           main] s.w.s.m.m.a.RequestMappingHandlerMapping : Mapped to com.sanosysalvos.ms_publicacion.controller.PublicacionController#getAll()
2026-03-25T00:38:41.498-03:00 DEBUG 62680 --- [ms-publicacion] [           main] org.hibernate.SQL                        : 
    select
        p1_0.id_publicacion,
        p1_0.descripcion,
        p1_0.direccion_referencia,
        p1_0.email_contacto,
        p1_0.estado,
        p1_0.fecha_extraviooencuentro,
        p1_0.fecha_publicacion,
        p1_0.latitud,
        p1_0.longitud,
        p1_0.mascota_id,
        p1_0.nombre_contacto,
        p1_0.telefono_contacto,
        p1_0.tipo_publicacion,
        p1_0.titulo,
        p1_0.url_foto,
        p1_0.usuario_id 
    from
        publicaciones p1_0
Hibernate: 
    select
        p1_0.id_publicacion,
        p1_0.descripcion,
        p1_0.direccion_referencia,
        p1_0.email_contacto,
        p1_0.estado,
        p1_0.fecha_extraviooencuentro,
        p1_0.fecha_publicacion,
        p1_0.latitud,
        p1_0.longitud,
        p1_0.mascota_id,
        p1_0.nombre_contacto,
        p1_0.telefono_contacto,
        p1_0.tipo_publicacion,
        p1_0.titulo,
        p1_0.url_foto,
        p1_0.usuario_id 
    from
        publicaciones p1_0
2026-03-25T00:38:41.511-03:00 DEBUG 62680 --- [ms-publicacion] [           main] m.m.a.RequestResponseBodyMethodProcessor : Using 'application/json', given [*/*] and supported [application/json, application/*+json, application/yaml]
2026-03-25T00:38:41.511-03:00 DEBUG 62680 --- [ms-publicacion] [           main] m.m.a.RequestResponseBodyMethodProcessor : Writing [[PublicacionResponse[idPublicacion=9064d49c-d790-4bea-8932-aaec1ff559c6, tipoPublicacion=PERDIDA, ti (truncated)...]
2026-03-25T00:38:41.518-03:00 DEBUG 62680 --- [ms-publicacion] [           main] s.w.s.m.m.a.RequestMappingHandlerMapping : Mapped to com.sanosysalvos.ms_publicacion.controller.PublicacionController#getById(UUID)
2026-03-25T00:38:41.522-03:00 DEBUG 62680 --- [ms-publicacion] [           main] org.hibernate.SQL                        : 
    select
        p1_0.id_publicacion,
        p1_0.descripcion,
        p1_0.direccion_referencia,
        p1_0.email_contacto,
        p1_0.estado,
        p1_0.fecha_extraviooencuentro,
        p1_0.fecha_publicacion,
        p1_0.latitud,
        p1_0.longitud,
        p1_0.mascota_id,
        p1_0.nombre_contacto,
        p1_0.telefono_contacto,
        p1_0.tipo_publicacion,
        p1_0.titulo,
        p1_0.url_foto,
        p1_0.usuario_id 
    from
        publicaciones p1_0 
    where
        p1_0.id_publicacion=?
Hibernate: 
    select
        p1_0.id_publicacion,
        p1_0.descripcion,
        p1_0.direccion_referencia,
        p1_0.email_contacto,
        p1_0.estado,
        p1_0.fecha_extraviooencuentro,
        p1_0.fecha_publicacion,
        p1_0.latitud,
        p1_0.longitud,
        p1_0.mascota_id,
        p1_0.nombre_contacto,
        p1_0.telefono_contacto,
        p1_0.tipo_publicacion,
        p1_0.titulo,
        p1_0.url_foto,
        p1_0.usuario_id 
    from
        publicaciones p1_0 
    where
        p1_0.id_publicacion=?
2026-03-25T00:38:41.524-03:00 DEBUG 62680 --- [ms-publicacion] [           main] m.m.a.RequestResponseBodyMethodProcessor : Using 'application/json', given [*/*] and supported [application/json, application/*+json, application/yaml]
2026-03-25T00:38:41.524-03:00 DEBUG 62680 --- [ms-publicacion] [           main] m.m.a.RequestResponseBodyMethodProcessor : Writing [PublicacionResponse[idPublicacion=9064d49c-d790-4bea-8932-aaec1ff559c6, tipoPublicacion=PERDIDA, tit (truncated)...]
2026-03-25T00:38:41.525-03:00 DEBUG 62680 --- [ms-publicacion] [           main] s.w.s.m.m.a.RequestMappingHandlerMapping : Mapped to com.sanosysalvos.ms_publicacion.controller.PublicacionController#update(UUID, PublicacionRequest)
2026-03-25T00:38:41.526-03:00 DEBUG 62680 --- [ms-publicacion] [           main] m.m.a.RequestResponseBodyMethodProcessor : Read "application/json" to [PublicacionRequest[tipoPublicacion=PERDIDA, titulo=Perro encontrado en parque, descripcion=Perro med (truncated)...]
2026-03-25T00:38:41.527-03:00 DEBUG 62680 --- [ms-publicacion] [           main] org.hibernate.SQL                        : 
    select
        p1_0.id_publicacion,
        p1_0.descripcion,
        p1_0.direccion_referencia,
        p1_0.email_contacto,
        p1_0.estado,
        p1_0.fecha_extraviooencuentro,
        p1_0.fecha_publicacion,
        p1_0.latitud,
        p1_0.longitud,
        p1_0.mascota_id,
        p1_0.nombre_contacto,
        p1_0.telefono_contacto,
        p1_0.tipo_publicacion,
        p1_0.titulo,
        p1_0.url_foto,
        p1_0.usuario_id 
    from
        publicaciones p1_0 
    where
        p1_0.id_publicacion=?
Hibernate: 
    select
        p1_0.id_publicacion,
        p1_0.descripcion,
        p1_0.direccion_referencia,
        p1_0.email_contacto,
        p1_0.estado,
        p1_0.fecha_extraviooencuentro,
        p1_0.fecha_publicacion,
        p1_0.latitud,
        p1_0.longitud,
        p1_0.mascota_id,
        p1_0.nombre_contacto,
        p1_0.telefono_contacto,
        p1_0.tipo_publicacion,
        p1_0.titulo,
        p1_0.url_foto,
        p1_0.usuario_id 
    from
        publicaciones p1_0 
    where
        p1_0.id_publicacion=?
2026-03-25T00:38:41.532-03:00 DEBUG 62680 --- [ms-publicacion] [           main] org.hibernate.SQL                        : 
    update
        publicaciones 
    set
        descripcion=?,
        direccion_referencia=?,
        email_contacto=?,
        estado=?,
        fecha_extraviooencuentro=?,
        fecha_publicacion=?,
        latitud=?,
        longitud=?,
        mascota_id=?,
        nombre_contacto=?,
        telefono_contacto=?,
        tipo_publicacion=?,
        titulo=?,
        url_foto=?,
        usuario_id=? 
    where
        id_publicacion=?
Hibernate: 
    update
        publicaciones 
    set
        descripcion=?,
        direccion_referencia=?,
        email_contacto=?,
        estado=?,
        fecha_extraviooencuentro=?,
        fecha_publicacion=?,
        latitud=?,
        longitud=?,
        mascota_id=?,
        nombre_contacto=?,
        telefono_contacto=?,
        tipo_publicacion=?,
        titulo=?,
        url_foto=?,
        usuario_id=? 
    where
        id_publicacion=?
2026-03-25T00:38:41.535-03:00 DEBUG 62680 --- [ms-publicacion] [           main] m.m.a.RequestResponseBodyMethodProcessor : Using 'application/json', given [*/*] and supported [application/json, application/*+json, application/yaml]
2026-03-25T00:38:41.535-03:00 DEBUG 62680 --- [ms-publicacion] [           main] m.m.a.RequestResponseBodyMethodProcessor : Writing [PublicacionResponse[idPublicacion=9064d49c-d790-4bea-8932-aaec1ff559c6, tipoPublicacion=PERDIDA, tit (truncated)...]
2026-03-25T00:38:41.536-03:00 DEBUG 62680 --- [ms-publicacion] [           main] s.w.s.m.m.a.RequestMappingHandlerMapping : Mapped to com.sanosysalvos.ms_publicacion.controller.PublicacionController#delete(UUID)
2026-03-25T00:38:41.536-03:00 DEBUG 62680 --- [ms-publicacion] [           main] org.hibernate.SQL                        : 
    select
        p1_0.id_publicacion,
        p1_0.descripcion,
        p1_0.direccion_referencia,
        p1_0.email_contacto,
        p1_0.estado,
        p1_0.fecha_extraviooencuentro,
        p1_0.fecha_publicacion,
        p1_0.latitud,
        p1_0.longitud,
        p1_0.mascota_id,
        p1_0.nombre_contacto,
        p1_0.telefono_contacto,
        p1_0.tipo_publicacion,
        p1_0.titulo,
        p1_0.url_foto,
        p1_0.usuario_id 
    from
        publicaciones p1_0 
    where
        p1_0.id_publicacion=?
Hibernate: 
    select
        p1_0.id_publicacion,
        p1_0.descripcion,
        p1_0.direccion_referencia,
        p1_0.email_contacto,
        p1_0.estado,
        p1_0.fecha_extraviooencuentro,
        p1_0.fecha_publicacion,
        p1_0.latitud,
        p1_0.longitud,
        p1_0.mascota_id,
        p1_0.nombre_contacto,
        p1_0.telefono_contacto,
        p1_0.tipo_publicacion,
        p1_0.titulo,
        p1_0.url_foto,
        p1_0.usuario_id 
    from
        publicaciones p1_0 
    where
        p1_0.id_publicacion=?
2026-03-25T00:38:41.539-03:00 DEBUG 62680 --- [ms-publicacion] [           main] org.hibernate.SQL                        : 
    delete 
    from
        publicaciones 
    where
        id_publicacion=?
Hibernate: 
    delete 
    from
        publicaciones 
    where
        id_publicacion=?
2026-03-25T00:38:41.540-03:00 DEBUG 62680 --- [ms-publicacion] [           main] s.w.s.m.m.a.RequestMappingHandlerMapping : Mapped to com.sanosysalvos.ms_publicacion.controller.PublicacionController#getById(UUID)
2026-03-25T00:38:41.541-03:00 DEBUG 62680 --- [ms-publicacion] [           main] org.hibernate.SQL                        : 
    select
        p1_0.id_publicacion,
        p1_0.descripcion,
        p1_0.direccion_referencia,
        p1_0.email_contacto,
        p1_0.estado,
        p1_0.fecha_extraviooencuentro,
        p1_0.fecha_publicacion,
        p1_0.latitud,
        p1_0.longitud,
        p1_0.mascota_id,
        p1_0.nombre_contacto,
        p1_0.telefono_contacto,
        p1_0.tipo_publicacion,
        p1_0.titulo,
        p1_0.url_foto,
        p1_0.usuario_id 
    from
        publicaciones p1_0 
    where
        p1_0.id_publicacion=?
Hibernate: 
    select
        p1_0.id_publicacion,
        p1_0.descripcion,
        p1_0.direccion_referencia,
        p1_0.email_contacto,
        p1_0.estado,
        p1_0.fecha_extraviooencuentro,
        p1_0.fecha_publicacion,
        p1_0.latitud,
        p1_0.longitud,
        p1_0.mascota_id,
        p1_0.nombre_contacto,
        p1_0.telefono_contacto,
        p1_0.tipo_publicacion,
        p1_0.titulo,
        p1_0.url_foto,
        p1_0.usuario_id 
    from
        publicaciones p1_0 
    where
        p1_0.id_publicacion=?
2026-03-25T00:38:41.542-03:00 DEBUG 62680 --- [ms-publicacion] [           main] .w.s.m.a.ResponseStatusExceptionResolver : Resolved [org.springframework.web.server.ResponseStatusException: 404 NOT_FOUND "Publicacion no encontrada con id: 9064d49c-d790-4bea-8932-aaec1ff559c6"]
]]></system-out>
  </testcase>
</testsuite>